# JRE version: Java(TM) SE Runtime Environment (25.0.1+8) (build 25.0.1+8-LTS-27)
# Java VM: Java HotSpot(TM) 64-Bit Server VM (25.0.1+8-LTS-27, mixed mode, sharing, tiered, compressed oops, compressed class ptrs, g1 gc, windows-amd64)
GC Precious Log:
 CardTable entry size: 512
 Card Set container configuration: InlinePtr #cards 5 size 8 Array Of Cards #cards 10 size 36 Howl #buckets 4 coarsen threshold 1843 Howl Bitmap #cards 512 size 80 coarsen threshold 460 Card regions per heap region 1 cards per card region 2048
 CPUs: 16 total, 16 available
 Memory: 3767M
 Large Page Support: Disabled
 NUMA Support: Disabled
 Compressed Oops: Enabled (32-bit)
 Heap Region Size: 1M
 Heap Min Capacity: 8M
 Heap Initial Capacity: 60M
 Heap Max Capacity: 942M
 Pre-touch: Disabled
 Parallel Workers: 13
 Concurrent Workers: 3
 Concurrent Refinement Workers: 13
 Periodic GC: Disabled
Heap:
 garbage-first heap   total reserved 964608K, committed 181248K, used 100784K [0x00000000c5200000, 0x0000000100000000)
  region size 1024K, 49 young (50176K), 1 survivors (1024K)
GC Heap Usage History (20 events):
Event: 2929.097 {heap Before GC invocations=311 (full 0):
 garbage-first heap   total reserved 964608K, committed 181248K, used 159917K [0x00000000c5200000, 0x0000000100000000)
  region size 1024K, 106 young (108544K), 1 survivors (1024K)
}
Event: 2929.168 {heap After GC invocations=312 (full 0):
 garbage-first heap   total reserved 964608K, committed 181248K, used 52398K [0x00000000c5200000, 0x0000000100000000)
  region size 1024K, 1 young (1024K), 1 survivors (1024K)
}
Event: 2960.577 {heap Before GC invocations=312 (full 0):
 garbage-first heap   total reserved 964608K, committed 181248K, used 159918K [0x00000000c5200000, 0x0000000100000000)
  region size 1024K, 106 young (108544K), 1 survivors (1024K)
}
Event: 2960.798 {heap After GC invocations=313 (full 0):
 garbage-first heap   total reserved 964608K, committed 181248K, used 52376K [0x00000000c5200000, 0x0000000100000000)
  region size 1024K, 1 young (1024K), 1 survivors (1024K)
}
Event: 2987.280 {heap Before GC invocations=314 (full 0):
 garbage-first heap   total reserved 964608K, committed 181248K, used 159896K [0x00000000c5200000, 0x0000000100000000)
  region size 1024K, 106 young (108544K), 1 survivors (1024K)
}
Event: 2987.390 {heap After GC invocations=315 (full 0):
 garbage-first heap   total reserved 964608K, committed 181248K, used 52101K [0x00000000c5200000, 0x0000000100000000)
  region size 1024K, 1 young (1024K), 1 survivors (1024K)
}
Event: 2995.559 {heap Before GC invocations=315 (full 0):
 garbage-first heap   total reserved 964608K, committed 181248K, used 158597K [0x00000000c5200000, 0x0000000100000000)
  region size 1024K, 106 young (108544K), 1 survivors (1024K)
}
Event: 2995.588 {heap After GC invocations=316 (full 0):
 garbage-first heap   total reserved 964608K, committed 181248K, used 52346K [0x00000000c5200000, 0x0000000100000000)
  region size 1024K, 1 young (1024K), 1 survivors (1024K)
}
Event: 3026.483 {heap Before GC invocations=316 (full 0):
 garbage-first heap   total reserved 964608K, committed 181248K, used 159866K [0x00000000c5200000, 0x0000000100000000)
  region size 1024K, 106 young (108544K), 1 survivors (1024K)
}
Event: 3026.670 {heap After GC invocations=317 (full 0):
 garbage-first heap   total reserved 964608K, committed 181248K, used 52496K [0x00000000c5200000, 0x0000000100000000)
  region size 1024K, 1 young (1024K), 1 survivors (1024K)
}
Event: 3036.632 {heap Before GC invocations=318 (full 0):
 garbage-first heap   total reserved 964608K, committed 181248K, used 160016K [0x00000000c5200000, 0x0000000100000000)
  region size 1024K, 106 young (108544K), 1 survivors (1024K)
}
Event: 3036.651 {heap After GC invocations=319 (full 0):
 garbage-first heap   total reserved 964608K, committed 181248K, used 52500K [0x00000000c5200000, 0x0000000100000000)
  region size 1024K, 1 young (1024K), 1 survivors (1024K)
}
Event: 3038.325 {heap Before GC invocations=319 (full 0):
 garbage-first heap   total reserved 964608K, committed 181248K, used 160020K [0x00000000c5200000, 0x0000000100000000)
  region size 1024K, 106 young (108544K), 1 survivors (1024K)
}
Event: 3038.348 {heap After GC invocations=320 (full 0):
 garbage-first heap   total reserved 964608K, committed 181248K, used 52503K [0x00000000c5200000, 0x0000000100000000)
  region size 1024K, 1 young (1024K), 1 survivors (1024K)
}
Event: 3084.585 {heap Before GC invocations=320 (full 0):
 garbage-first heap   total reserved 964608K, committed 181248K, used 160023K [0x00000000c5200000, 0x0000000100000000)
  region size 1024K, 106 young (108544K), 1 survivors (1024K)
}
Event: 3084.721 {heap After GC invocations=321 (full 0):
 garbage-first heap   total reserved 964608K, committed 181248K, used 52643K [0x00000000c5200000, 0x0000000100000000)
  region size 1024K, 1 young (1024K), 1 survivors (1024K)
}
Event: 3100.737 {heap Before GC invocations=322 (full 0):
 garbage-first heap   total reserved 964608K, committed 181248K, used 160163K [0x00000000c5200000, 0x0000000100000000)
  region size 1024K, 106 young (108544K), 1 survivors (1024K)
}
Event: 3101.032 {heap After GC invocations=323 (full 0):
 garbage-first heap   total reserved 964608K, committed 181248K, used 52636K [0x00000000c5200000, 0x0000000100000000)
  region size 1024K, 1 young (1024K), 1 survivors (1024K)
}
Event: 3104.750 {heap Before GC invocations=323 (full 0):
 garbage-first heap   total reserved 964608K, committed 181248K, used 160156K [0x00000000c5200000, 0x0000000100000000)
  region size 1024K, 106 young (108544K), 1 survivors (1024K)
}
Event: 3105.027 {heap After GC invocations=324 (full 0):
 garbage-first heap   total reserved 964608K, committed 181248K, used 52656K [0x00000000c5200000, 0x0000000100000000)
  region size 1024K, 1 young (1024K), 1 survivors (1024K)
}

